{"numFailedTestSuites":2,"numFailedTests":2,"numPassedTestSuites":1,"numPassedTests":5,"numPendingTestSuites":0,"numPendingTests":0,"numRuntimeErrorTestSuites":0,"numTodoTests":0,"numTotalTestSuites":3,"numTotalTests":7,"openHandles":[],"snapshot":{"added":0,"didUpdate":false,"failure":false,"filesAdded":0,"filesRemoved":0,"filesRemovedList":[],"filesUnmatched":0,"filesUpdated":0,"matched":0,"total":0,"unchecked":0,"uncheckedKeysByFile":[],"unmatched":0,"updated":0},"startTime":1774687976274,"success":false,"testResults":[{"assertionResults":[{"ancestorTitles":["Drag & Drop / Card Move (Integration & Logic)"],"duration":3,"failureDetails":[],"failureMessages":[],"fullName":"Drag & Drop / Card Move (Integration & Logic) 1. Throws 400 if required move parameters are missing","invocations":1,"location":null,"numPassingAsserts":1,"retryReasons":[],"status":"passed","title":"1. Throws 400 if required move parameters are missing"},{"ancestorTitles":["Drag & Drop / Card Move (Integration & Logic)"],"duration":1500,"failureDetails":[],"failureMessages":[],"fullName":"Drag & Drop / Card Move (Integration & Logic) 2. Drag card across lists (Integration Check)","invocations":1,"location":null,"numPassingAsserts":3,"retryReasons":[],"status":"passed","title":"2. Drag card across lists (Integration Check)"},{"ancestorTitles":["Drag & Drop / Card Move (Integration & Logic)"],"duration":60009,"failureDetails":[{"message":"thrown: \"Exceeded timeout of 60000 ms for a test.\nAdd a timeout value to this test to increase the timeout, if this is a long-running test. See https://jestjs.io/docs/api#testname-fn-timeout.\""}],"failureMessages":["Error: thrown: \"Exceeded timeout of 60000 ms for a test.\nAdd a timeout value to this test to increase the timeout, if this is a long-running test. See https://jestjs.io/docs/api#testname-fn-timeout.\"\n    at it (C:\\Users\\shubh\\OneDrive\\Desktop\\trello_cello\\backend\\tests\\card_move.test.js:48:3)\n    at _dispatchDescribe (C:\\Users\\shubh\\OneDrive\\Desktop\\trello_cello\\backend\\node_modules\\jest-circus\\build\\index.js:91:26)\n    at describe (C:\\Users\\shubh\\OneDrive\\Desktop\\trello_cello\\backend\\node_modules\\jest-circus\\build\\index.js:55:5)\n    at Object.describe (C:\\Users\\shubh\\OneDrive\\Desktop\\trello_cello\\backend\\tests\\card_move.test.js:6:1)\n    at Runtime._execModule (C:\\Users\\shubh\\OneDrive\\Desktop\\trello_cello\\backend\\node_modules\\jest-runtime\\build\\index.js:1439:24)\n    at Runtime._loadModule (C:\\Users\\shubh\\OneDrive\\Desktop\\trello_cello\\backend\\node_modules\\jest-runtime\\build\\index.js:1022:12)\n    at Runtime.requireModule (C:\\Users\\shubh\\OneDrive\\Desktop\\trello_cello\\backend\\node_modules\\jest-runtime\\build\\index.js:882:12)\n    at jestAdapter (C:\\Users\\shubh\\OneDrive\\Desktop\\trello_cello\\backend\\node_modules\\jest-circus\\build\\legacy-code-todo-rewrite\\jestAdapter.js:77:13)\n    at runTestInternal (C:\\Users\\shubh\\OneDrive\\Desktop\\trello_cello\\backend\\node_modules\\jest-runner\\build\\runTest.js:367:16)\n    at runTest (C:\\Users\\shubh\\OneDrive\\Desktop\\trello_cello\\backend\\node_modules\\jest-runner\\build\\runTest.js:444:34)"],"fullName":"Drag & Drop / Card Move (Integration & Logic) 3. Trigger DB Transaction Failure & Verify Rollback Simulation","invocations":1,"location":null,"numPassingAsserts":0,"retryReasons":[],"status":"failed","title":"3. Trigger DB Transaction Failure & Verify Rollback Simulation"}],"endTime":1774688043595,"message":"\u001b[1m\u001b[31m  \u001b[1m● \u001b[22m\u001b[1mDrag & Drop / Card Move (Integration & Logic) › 3. Trigger DB Transaction Failure & Verify Rollback Simulation\u001b[39m\u001b[22m\n\n    thrown: \"Exceeded timeout of 60000 ms for a test.\n    Add a timeout value to this test to increase the timeout, if this is a long-running test. See https://jestjs.io/docs/api#testname-fn-timeout.\"\n\u001b[2m\u001b[22m\n\u001b[2m    \u001b[0m \u001b[90m 46 |\u001b[39m   })\u001b[33m;\u001b[39m\u001b[22m\n\u001b[2m     \u001b[90m 47 |\u001b[39m\u001b[22m\n\u001b[2m    \u001b[31m\u001b[1m>\u001b[22m\u001b[2m\u001b[39m\u001b[90m 48 |\u001b[39m   it(\u001b[32m'3. Trigger DB Transaction Failure & Verify Rollback Simulation'\u001b[39m\u001b[33m,\u001b[39m \u001b[36masync\u001b[39m () \u001b[33m=>\u001b[39m {\u001b[22m\n\u001b[2m     \u001b[90m    |\u001b[39m   \u001b[31m\u001b[1m^\u001b[22m\u001b[2m\u001b[39m\u001b[22m\n\u001b[2m     \u001b[90m 49 |\u001b[39m     \u001b[36mconst\u001b[39m mockClient \u001b[33m=\u001b[39m {\u001b[22m\n\u001b[2m     \u001b[90m 50 |\u001b[39m       query\u001b[33m:\u001b[39m jest\u001b[33m.\u001b[39mfn()\u001b[33m.\u001b[39mmockImplementation((q) \u001b[33m=>\u001b[39m {\u001b[22m\n\u001b[2m     \u001b[90m 51 |\u001b[39m         \u001b[36mif\u001b[39m (q \u001b[33m===\u001b[39m \u001b[32m'BEGIN'\u001b[39m) \u001b[36mreturn\u001b[39m \u001b[33mPromise\u001b[39m\u001b[33m.\u001b[39mresolve()\u001b[33m;\u001b[39m\u001b[0m\u001b[22m\n\u001b[2m\u001b[22m\n\u001b[2m      \u001b[2mat it (\u001b[22m\u001b[2m\u001b[0m\u001b[36mtests/card_move.test.js\u001b[39m\u001b[0m\u001b[2m:48:3)\u001b[22m\u001b[2m\u001b[22m\n\u001b[2m      \u001b[2mat Object.describe (\u001b[22m\u001b[2m\u001b[0m\u001b[36mtests/card_move.test.js\u001b[39m\u001b[0m\u001b[2m:6:1)\u001b[22m\u001b[2m\u001b[22m\n","name":"C:\\Users\\shubh\\OneDrive\\Desktop\\trello_cello\\backend\\tests\\card_move.test.js","startTime":1774687976341,"status":"failed","summary":""},{"assertionResults":[{"ancestorTitles":["Lists API Integration Tests"],"duration":1016,"failureDetails":[],"failureMessages":[],"fullName":"Lists API Integration Tests POST /lists - Should create a new list","invocations":1,"location":null,"numPassingAsserts":2,"retryReasons":[],"status":"passed","title":"POST /lists - Should create a new list"},{"ancestorTitles":["Lists API Integration Tests"],"duration":1036,"failureDetails":[{"matcherResult":{"actual":404,"expected":200,"message":"\u001b[2mexpect(\u001b[22m\u001b[31mreceived\u001b[39m\u001b[2m).\u001b[22mtoBe\u001b[2m(\u001b[22m\u001b[32mexpected\u001b[39m\u001b[2m) // Object.is equality\u001b[22m\n\nExpected: \u001b[32m200\u001b[39m\nReceived: \u001b[31m404\u001b[39m","name":"toBe","pass":false}}],"failureMessages":["Error: \u001b[2mexpect(\u001b[22m\u001b[31mreceived\u001b[39m\u001b[2m).\u001b[22mtoBe\u001b[2m(\u001b[22m\u001b[32mexpected\u001b[39m\u001b[2m) // Object.is equality\u001b[22m\n\nExpected: \u001b[32m200\u001b[39m\nReceived: \u001b[31m404\u001b[39m\n    at Object.toBe (C:\\Users\\shubh\\OneDrive\\Desktop\\trello_cello\\backend\\tests\\list.test.js:38:35)\n    at processTicksAndRejections (node:internal/process/task_queues:105:5)"],"fullName":"Lists API Integration Tests PUT /lists/reorder - Should reorder lists","invocations":1,"location":null,"numPassingAsserts":0,"retryReasons":[],"status":"failed","title":"PUT /lists/reorder - Should reorder lists"},{"ancestorTitles":["Lists API Integration Tests"],"duration":1284,"failureDetails":[],"failureMessages":[],"fullName":"Lists API Integration Tests DELETE /lists/:id - Should delete list with cards (Cascade check)","invocations":1,"location":null,"numPassingAsserts":2,"retryReasons":[],"status":"passed","title":"DELETE /lists/:id - Should delete list with cards (Cascade check)"}],"endTime":1774688050106,"message":"\u001b[1m\u001b[31m  \u001b[1m● \u001b[22m\u001b[1mLists API Integration Tests › PUT /lists/reorder - Should reorder lists\u001b[39m\u001b[22m\n\n    \u001b[2mexpect(\u001b[22m\u001b[31mreceived\u001b[39m\u001b[2m).\u001b[22mtoBe\u001b[2m(\u001b[22m\u001b[32mexpected\u001b[39m\u001b[2m) // Object.is equality\u001b[22m\n\n    Expected: \u001b[32m200\u001b[39m\n    Received: \u001b[31m404\u001b[39m\n\u001b[2m\u001b[22m\n\u001b[2m    \u001b[0m \u001b[90m 36 |\u001b[39m       \u001b[33m.\u001b[39msend({ listId\u001b[33m,\u001b[39m newPosition\u001b[33m:\u001b[39m \u001b[35m2.0\u001b[39m })\u001b[33m;\u001b[39m\u001b[22m\n\u001b[2m     \u001b[90m 37 |\u001b[39m     \u001b[22m\n\u001b[2m    \u001b[31m\u001b[1m>\u001b[22m\u001b[2m\u001b[39m\u001b[90m 38 |\u001b[39m     expect(reorderRes\u001b[33m.\u001b[39mstatusCode)\u001b[33m.\u001b[39mtoBe(\u001b[35m200\u001b[39m)\u001b[33m;\u001b[39m\u001b[22m\n\u001b[2m     \u001b[90m    |\u001b[39m                                   \u001b[31m\u001b[1m^\u001b[22m\u001b[2m\u001b[39m\u001b[22m\n\u001b[2m     \u001b[90m 39 |\u001b[39m   })\u001b[33m;\u001b[39m\u001b[22m\n\u001b[2m     \u001b[90m 40 |\u001b[39m\u001b[22m\n\u001b[2m     \u001b[90m 41 |\u001b[39m   it(\u001b[32m'DELETE /lists/:id - Should delete list with cards (Cascade check)'\u001b[39m\u001b[33m,\u001b[39m \u001b[36masync\u001b[39m () \u001b[33m=>\u001b[39m {\u001b[0m\u001b[22m\n\u001b[2m\u001b[22m\n\u001b[2m      \u001b[2mat Object.toBe (\u001b[22m\u001b[2m\u001b[0m\u001b[36mtests/list.test.js\u001b[39m\u001b[0m\u001b[2m:38:35)\u001b[22m\u001b[2m\u001b[22m\n","name":"C:\\Users\\shubh\\OneDrive\\Desktop\\trello_cello\\backend\\tests\\list.test.js","startTime":1774688043644,"status":"failed","summary":""},{"assertionResults":[{"ancestorTitles":["Performance Stress Test (Large datasets)"],"duration":1245,"failureDetails":[],"failureMessages":[],"fullName":"Performance Stress Test (Large datasets) GET /boards/:id/details - Load time benchmark","invocations":1,"location":null,"numPassingAsserts":2,"retryReasons":[],"status":"passed","title":"GET /boards/:id/details - Load time benchmark"}],"endTime":1774688060813,"message":"","name":"C:\\Users\\shubh\\OneDrive\\Desktop\\trello_cello\\backend\\tests\\performance.test.js","startTime":1774688050129,"status":"passed","summary":""}],"wasInterrupted":false}
